0 info it worked if it ends with ok
1 verbose cli [ '/usr/bin/node', '/usr/bin/npm', 'publish' ]
2 info using npm@3.5.2
3 info using node@v8.10.0
4 verbose publish [ '.' ]
5 silly cache add args [ '.', null ]
6 verbose cache add spec .
7 silly cache add parsed spec Result {
7 silly cache add   raw: '.',
7 silly cache add   scope: null,
7 silly cache add   name: null,
7 silly cache add   rawSpec: '.',
7 silly cache add   spec: '/home/user/views/paper-tags-input',
7 silly cache add   type: 'directory' }
8 verbose addLocalDirectory /home/user/.npm/@belomx/paper-tags-input/3.1.1/package.tgz not in flight; packing
9 info lifecycle @belomx/paper-tags-input@3.1.1~prepublish: @belomx/paper-tags-input@3.1.1
10 silly lifecycle @belomx/paper-tags-input@3.1.1~prepublish: no script for prepublish, continuing
11 verbose tar pack [ '/home/user/.npm/@belomx/paper-tags-input/3.1.1/package.tgz',
11 verbose tar pack   '/home/user/views/paper-tags-input' ]
12 verbose tarball /home/user/.npm/@belomx/paper-tags-input/3.1.1/package.tgz
13 verbose folder /home/user/views/paper-tags-input
14 verbose addLocalTarball adding from inside cache /home/user/.npm/@belomx/paper-tags-input/3.1.1/package.tgz
15 silly cache afterAdd @belomx/paper-tags-input@3.1.1
16 verbose afterAdd /home/user/.npm/@belomx/paper-tags-input/3.1.1/package/package.json not in flight; writing
17 verbose afterAdd /home/user/.npm/@belomx/paper-tags-input/3.1.1/package/package.json written
18 silly publish { description: 'Material Design input control for a collection of tags',
18 silly publish   name: '@belomx/paper-tags-input',
18 silly publish   version: '3.1.1',
18 silly publish   license: 'MIT',
18 silly publish   repository:
18 silly publish    { type: 'git',
18 silly publish      url: 'git+https://github.com/belomx/paper-tags-input.git' },
18 silly publish   resolutions:
18 silly publish    { inherits: '2.0.3',
18 silly publish      samsam: '1.1.3',
18 silly publish      'supports-color': '3.1.2',
18 silly publish      'type-detect': '1.0.0' },
18 silly publish   main: 'paper-tags-input.js',
18 silly publish   types: 'paper-tags-input.d.ts',
18 silly publish   scripts:
18 silly publish    { 'generate-types': 'gen-typescript-declarations --deleteExisting --outDir . --verify',
18 silly publish      lint: 'polymer lint',
18 silly publish      test: 'polymer test',
18 silly publish      prepare: 'npm run generate-types' },
18 silly publish   dependencies:
18 silly publish    { '@cwmr/paper-chip': '^3.0.0',
18 silly publish      '@polymer/iron-icon': '^3.0.0',
18 silly publish      '@polymer/iron-icons': '^3.0.0',
18 silly publish      '@polymer/paper-input': '^3.0.0',
18 silly publish      '@polymer/paper-styles': '^3.0.0',
18 silly publish      '@polymer/polymer': '^3.0.0' },
18 silly publish   devDependencies:
18 silly publish    { '@polymer/gen-typescript-declarations': '^1.6.0',
18 silly publish      '@polymer/iron-demo-helpers': '^3.0.0',
18 silly publish      '@webcomponents/webcomponentsjs': '^2.0.0',
18 silly publish      'polymer-cli': '^1.9.0',
18 silly publish      'wct-browser-legacy': '^1.0.0' },
18 silly publish   publishConfig: { access: 'public' },
18 silly publish   readme: '[![Published on NPM](https://img.shields.io/npm/v/@belomx/paper-tags-input.svg?style=flat)](https://www.npmjs.com/package/@belomx/paper-tags-input)\n[![Published on webcomponents.org](https://img.shields.io/badge/webcomponents.org-published-blue.svg)](https://www.webcomponents.org/element/@belomx/paper-tags-input)\n\n# \\<paper-tags-input\\>\n\nMaterial Design input control for a collection of tags\n\n<!--\n```\n<custom-element-demo>\n  <template>\n    <script type="module" href="paper-tags-input.js"></script>\n    <next-code-block></next-code-block>\n  </template>\n</custom-element-demo>\n```\n-->\n```html\n<paper-tags-input></paper-tags-input>\n```\n\n## Install the Polymer-CLI\n\nFirst, make sure you have the [Polymer CLI](https://www.npmjs.com/package/polymer-cli) installed. Then run `polymer serve` to serve your element locally.\n\n## Viewing Your Element\n\n```\n$ polymer serve\n```\n\n## Running Tests\n\n```\n$ polymer test\n```\n\nYour application is already set up to be tested via [web-component-tester](https://github.com/Polymer/web-component-tester). Run `polymer test` to run your application\'s test suite locally.\n',
18 silly publish   readmeFilename: 'README.md',
18 silly publish   gitHead: '1b644a7f8e14397d8ecd42cfb8d58e192c2fd3df',
18 silly publish   bugs: { url: 'https://github.com/belomx/paper-tags-input/issues' },
18 silly publish   homepage: 'https://github.com/belomx/paper-tags-input#readme',
18 silly publish   _id: '@belomx/paper-tags-input@3.1.1',
18 silly publish   _shasum: '8d4534bc6751f917528e979a76825b05d339a8f4',
18 silly publish   _from: '.' }
19 verbose getPublishConfig { access: 'public' }
20 silly mapToRegistry name @belomx/paper-tags-input
21 silly mapToRegistry scope (from package name) @belomx
22 verbose mapToRegistry no registry URL found in name for scope @belomx
23 silly mapToRegistry using default registry
24 silly mapToRegistry registry http://registry.npmjs.org/
25 silly mapToRegistry uri http://registry.npmjs.org/@belomx%2fpaper-tags-input
26 verbose publish registryBase http://registry.npmjs.org/
27 silly publish uploading /home/user/.npm/@belomx/paper-tags-input/3.1.1/package.tgz
28 verbose request uri http://registry.npmjs.org/@belomx%2fpaper-tags-input
29 verbose request sending authorization for write operation
30 info attempt registry request try #1 at 2:42:33 PM
31 verbose request using bearer token for auth
32 verbose request id b21480cefa1bf302
33 http request PUT http://registry.npmjs.org/@belomx%2fpaper-tags-input
34 http 403 http://registry.npmjs.org/@belomx%2fpaper-tags-input
35 verbose headers { date: 'Tue, 02 Jul 2019 14:42:37 GMT',
35 verbose headers   'content-type': 'application/json',
35 verbose headers   'transfer-encoding': 'chunked',
35 verbose headers   connection: 'keep-alive',
35 verbose headers   'set-cookie':
35 verbose headers    [ '__cfduid=d6640610be2e3abe046bd5d108fb1aed71562078553; expires=Wed, 01-Jul-20 14:42:33 GMT; path=/; domain=.npmjs.org; HttpOnly' ],
35 verbose headers   'cf-ray': '4f0163121b56d004-GRU',
35 verbose headers   'expect-ct': 'max-age=604800, report-uri="https://report-uri.cloudflare.com/cdn-cgi/beacon/expect-ct"',
35 verbose headers   vary: 'Accept-Encoding',
35 verbose headers   server: 'cloudflare',
35 verbose headers   'content-encoding': 'gzip' }
36 verbose request invalidating /home/user/.npm/registry.npmjs.org/_40belomx_252fpaper-tags-input on PUT
37 error publish Failed PUT 403
38 verbose stack Error: You cannot publish over the previously published versions: 3.1.1. : @belomx/paper-tags-input
38 verbose stack     at makeError (/usr/share/npm/node_modules/npm-registry-client/lib/request.js:264:12)
38 verbose stack     at CachingRegistryClient.<anonymous> (/usr/share/npm/node_modules/npm-registry-client/lib/request.js:252:14)
38 verbose stack     at /usr/share/npm/node_modules/npm-registry-client/lib/request.js:178:7
38 verbose stack     at Gunzip.onEnd (zlib.js:131:5)
38 verbose stack     at emitNone (events.js:111:20)
38 verbose stack     at Gunzip.emit (events.js:208:7)
38 verbose stack     at endReadableNT (_stream_readable.js:1064:12)
38 verbose stack     at _combinedTickCallback (internal/process/next_tick.js:138:11)
38 verbose stack     at process._tickCallback (internal/process/next_tick.js:180:9)
39 verbose statusCode 403
40 verbose pkgid @belomx/paper-tags-input
41 verbose cwd /home/user/views/paper-tags-input
42 error Linux 4.15.0-45-generic
43 error argv "/usr/bin/node" "/usr/bin/npm" "publish"
44 error node v8.10.0
45 error npm  v3.5.2
46 error code E403
47 error You cannot publish over the previously published versions: 3.1.1. : @belomx/paper-tags-input
48 error If you need help, you may report this error at:
48 error     <https://github.com/npm/npm/issues>
49 verbose exit [ 1, true ]
